<?xml version="1.0" encoding="UTF-8"?>
<!-- Generated by org.testng.reporters.JUnitReportReporter -->
<testsuite hostname="Abhishek" failures="0" tests="1" name="Tests.LeranAPPium" time="0.007" errors="0" timestamp="2025-08-19T15:54:29 IST" skipped="0">
  <testcase classname="Tests.LeranAPPium" name="Testdata" time="0.007"/>
  <system-out/>
</testsuite> <!-- Tests.LeranAPPium -->
